<?xml version="1.0" encoding="UTF-8"?>
<testsuite name="AkkaTest" tests="1" skipped="0" failures="0" errors="0" timestamp="2021-02-12T01:43:29" hostname="PSLT4053" time="1.65">
  <properties/>
  <testcase name="givenAnActor_sendHimAMessageUsingTell()" classname="AkkaTest" time="1.65"/>
  <system-out><![CDATA[20:43:30.747 [test-system-akka.actor.default-dispatcher-4] INFO akka.event.slf4j.Slf4jLogger - Slf4jLogger started
20:43:31.095 [test-system-akka.actor.default-dispatcher-5] INFO akka.actor.LocalActorRef - Message [java.lang.String] from Actor[akka://test-system/system/testActor-1#-917391493] to Actor[akka://test-system/system/testActor-1/test#-209503694] was unhandled. [1] dead letters encountered. This logging can be turned off or adjusted with configuration settings 'akka.log-dead-letters' and 'akka.log-dead-letters-during-shutdown'.
]]></system-out>
  <system-err><![CDATA[]]></system-err>
</testsuite>
