<?xml version="1.0" encoding="UTF-8"?>
<testsuite name="rxjava.reactive.RxJavaTest" tests="1" skipped="0" failures="0" errors="0" timestamp="2021-02-05T14:08:39" hostname="PSLT4053" time="0.118">
  <properties/>
  <testcase name="showMethodRxjavaTestExcercise()" classname="rxjava.reactive.RxJavaTest" time="0.118"/>
  <system-out><![CDATA[completed
]]></system-out>
  <system-err><![CDATA[]]></system-err>
</testsuite>
